app/seeds.txt
com.pewpew.orbit_shooter.Game$BulletType: com.pewpew.orbit_shooter.Game$BulletType[] values()
com.pewpew.orbit_shooter.Game$BulletType: com.pewpew.orbit_shooter.Game$BulletType valueOf(java.lang.String)
com.pewpew.orbit_shooter.GeneralObject$ObjectType: com.pewpew.orbit_shooter.GeneralObject$ObjectType[] values()
com.pewpew.orbit_shooter.GeneralObject$ObjectType: com.pewpew.orbit_shooter.GeneralObject$ObjectType valueOf(java.lang.String)
com.pewpew.orbit_shooter.MainActivity
com.pewpew.orbit_shooter.MainActivity: MainActivity()
com.pewpew.orbit_shooter.R$anim: int abc_fade_in
com.pewpew.orbit_shooter.R$anim: int abc_fade_out
com.pewpew.orbit_shooter.R$anim: int abc_slide_in_bottom
com.pewpew.orbit_shooter.R$anim: int abc_slide_in_top
com.pewpew.orbit_shooter.R$anim: int abc_slide_out_bottom
com.pewpew.orbit_shooter.R$anim: int abc_slide_out_top
com.pewpew.orbit_shooter.R$attr: int actionBarDivider
com.pewpew.orbit_shooter.R$attr: int actionBarItemBackground
com.pewpew.orbit_shooter.R$attr: int actionBarSize
com.pewpew.orbit_shooter.R$attr: int actionBarSplitStyle
com.pewpew.orbit_shooter.R$attr: int actionBarStyle
com.pewpew.orbit_shooter.R$attr: int actionBarTabBarStyle
com.pewpew.orbit_shooter.R$attr: int actionBarTabStyle
com.pewpew.orbit_shooter.R$attr: int actionBarTabTextStyle
com.pewpew.orbit_shooter.R$attr: int actionBarWidgetTheme
com.pewpew.orbit_shooter.R$attr: int actionButtonStyle
com.pewpew.orbit_shooter.R$attr: int actionDropDownStyle
com.pewpew.orbit_shooter.R$attr: int actionLayout
com.pewpew.orbit_shooter.R$attr: int actionMenuTextAppearance
com.pewpew.orbit_shooter.R$attr: int actionMenuTextColor
com.pewpew.orbit_shooter.R$attr: int actionModeBackground
com.pewpew.orbit_shooter.R$attr: int actionModeCloseButtonStyle
com.pewpew.orbit_shooter.R$attr: int actionModeCloseDrawable
com.pewpew.orbit_shooter.R$attr: int actionModeCopyDrawable
com.pewpew.orbit_shooter.R$attr: int actionModeCutDrawable
com.pewpew.orbit_shooter.R$attr: int actionModeFindDrawable
com.pewpew.orbit_shooter.R$attr: int actionModePasteDrawable
com.pewpew.orbit_shooter.R$attr: int actionModePopupWindowStyle
com.pewpew.orbit_shooter.R$attr: int actionModeSelectAllDrawable
com.pewpew.orbit_shooter.R$attr: int actionModeShareDrawable
com.pewpew.orbit_shooter.R$attr: int actionModeSplitBackground
com.pewpew.orbit_shooter.R$bool: int abc_action_bar_embed_tabs_pre_jb
com.pewpew.orbit_shooter.R$bool: int abc_action_bar_expanded_action_views_exclusive
com.pewpew.orbit_shooter.R$bool: int abc_config_actionMenuItemAllCaps
com.pewpew.orbit_shooter.R$bool: int abc_config_allowActionMenuItemTextWithIcon
com.pewpew.orbit_shooter.R$bool: int abc_config_showMenuShortcutsWhenKeyboardPresent
com.pewpew.orbit_shooter.R$bool: int abc_split_action_bar_is_narrow
...
com.google.android.gms.internal.ig
com.google.android.gms.internal.ig: android.os.Parcelable$Creator CREATOR
com.google.android.gms.internal.il
com.google.android.gms.internal.il: android.os.Parcelable$Creator CREATOR
com.google.android.gms.internal.jb
com.google.android.gms.internal.jb: com.google.android.gms.internal.jc CREATOR
com.google.android.gms.internal.jd
com.google.android.gms.internal.jd: com.google.android.gms.internal.je CREATOR
com.google.android.gms.internal.jf
com.google.android.gms.internal.jf: com.google.android.gms.internal.jg CREATOR
com.google.android.gms.internal.jf$a
com.google.android.gms.internal.jf$a: com.google.android.gms.internal.jh CREATOR
com.google.android.gms.internal.ji$a
com.google.android.gms.internal.ji$a: com.google.android.gms.internal.jk CREATOR
com.google.android.gms.internal.jj
com.google.android.gms.internal.jm
com.google.android.gms.internal.jm: com.google.android.gms.internal.jn CREATOR
com.google.android.gms.internal.jm$a
com.google.android.gms.internal.jm$a: com.google.android.gms.internal.jo CREATOR
com.google.android.gms.internal.jm$b
com.google.android.gms.internal.jm$b: com.google.android.gms.internal.jl CREATOR
com.google.android.gms.internal.jp
com.google.android.gms.internal.jp: com.google.android.gms.internal.jq CREATOR
com.google.android.gms.internal.lg
com.google.android.gms.internal.lg: android.os.Parcelable$Creator CREATOR
com.google.android.gms.internal.li
com.google.android.gms.internal.li: android.os.Parcelable$Creator CREATOR
com.google.android.gms.internal.ls
com.google.android.gms.internal.ls: com.google.android.gms.internal.lt CREATOR
com.google.android.gms.internal.ma
com.google.android.gms.internal.ma: com.google.android.gms.internal.mb CREATOR
com.google.android.gms.internal.mc
com.google.android.gms.internal.mc: com.google.android.gms.internal.md CREATOR
com.google.android.gms.internal.mf
com.google.android.gms.internal.mf: com.google.android.gms.internal.mg CREATOR
com.google.android.gms.internal.mh
com.google.android.gms.internal.mh: com.google.android.gms.internal.mi CREATOR
com.google.android.gms.internal.mj
com.google.android.gms.internal.mj: com.google.android.gms.internal.mk CREATOR
com.google.android.gms.internal.ml
com.google.android.gms.internal.ml: com.google.android.gms.internal.mm CREATOR
com.google.android.gms.internal.mn
com.google.android.gms.internal.mn: com.google.android.gms.internal.mo CREATOR
com.google.android.gms.internal.mp
com.google.android.gms.internal.mp: com.google.android.gms.internal.mq CREATOR
com.google.android.gms.internal.mr
com.google.android.gms.internal.mr: android.os.Parcelable$Creator CREATOR
com.google.android.gms.internal.mt
com.google.android.gms.internal.mt: com.google.android.gms.internal.mu CREATOR
com.google.android.gms.internal.mx
com.google.android.gms.internal.mx: com.google.android.gms.internal.my CREATOR
com.google.android.gms.internal.ni
com.google.android.gms.internal.ni: com.google.android.gms.internal.nk CREATOR
com.google.android.gms.internal.nm
com.google.android.gms.internal.nm: com.google.android.gms.internal.nn CREATOR
com.google.android.gms.internal.nu
com.google.android.gms.internal.nu: com.google.android.gms.internal.nv CREATOR
com.google.android.gms.internal.nw
com.google.android.gms.internal.nw: com.google.android.gms.internal.nx CREATOR
com.google.android.gms.internal.nz
com.google.android.gms.internal.nz: com.google.android.gms.internal.oa CREATOR
com.google.android.gms.internal.nz$a
com.google.android.gms.internal.nz$a: com.google.android.gms.internal.ob CREATOR
com.google.android.gms.internal.nz$b
com.google.android.gms.internal.nz$b: com.google.android.gms.internal.oc CREATOR
com.google.android.gms.internal.nz$b$a
com.google.android.gms.internal.nz$b$a: com.google.android.gms.internal.od CREATOR
com.google.android.gms.internal.nz$b$b
com.google.android.gms.internal.nz$b$b: com.google.android.gms.internal.oe CREATOR