app/mapping.txt
com.pewpew.orbit_shooter.Game -> com.pewpew.orbit_shooter.a:
    android.content.Context context -> E
    com.pewpew.orbit_shooter.Physics physics -> a
    com.pewpew.orbit_shooter.ObjectPool generalObjectsPool -> b
    com.pewpew.orbit_shooter.ObjectPool backgroundObjectsPool -> c
    com.pewpew.orbit_shooter.ObjectPool targetsPool -> d
    com.pewpew.orbit_shooter.ObjectPool bulletSparkPool -> e
    com.pewpew.orbit_shooter.ObjectPool weaponSelectPool -> f
    com.pewpew.orbit_shooter.ObjectPool scorePool -> g
    com.pewpew.orbit_shooter.ObjectPool hi_scorePool -> h
    com.pewpew.orbit_shooter.ObjectPool livesPool -> i
    com.pewpew.orbit_shooter.ObjectPool centerMessagePool -> j
    com.pewpew.orbit_shooter.ObjectPool belowCenterMessagePool -> k
    com.pewpew.orbit_shooter.ObjectPool explosionsPool -> l
    com.pewpew.orbit_shooter.ObjectPool mDebugPool -> m
    com.pewpew.orbit_shooter.PoolObjectFactory generalObjectFactory -> n
    java.util.List generalObjects -> o
    java.lang.Object generalObjectsLock -> p
    java.util.List backgroundObjects -> q
    java.util.List targets -> r
    java.util.List bulletSpark -> s
    java.util.List weaponSelect -> t
    java.util.List score -> u
    java.util.List hi_score -> v
    java.util.List lives -> w
    java.util.List centerMessage -> x
    java.util.List belowCenterMessage -> y
    java.util.List explosions -> z
    java.util.List mDebug -> A
    long mTimeGapSpawn -> F
com.pewpew.orbit_shooter.Game$1 -> com.pewpew.orbit_shooter.b:
    com.pewpew.orbit_shooter.Game this$0 -> a
    void onLoadComplete(android.media.SoundPool,int,int) -> onLoadComplete
com.pewpew.orbit_shooter.Game$2 -> com.pewpew.orbit_shooter.c:
    int[] $SwitchMap$com$pewpew$orbit_shooter$Game$BulletType -> a
com.pewpew.orbit_shooter.Game$BulletType -> com.pewpew.orbit_shooter.d:
    com.pewpew.orbit_shooter.Game$BulletType yellowStar -> a
    com.pewpew.orbit_shooter.Game$BulletType OrangeStar -> b
    com.pewpew.orbit_shooter.Game$BulletType GreenStar -> c
    com.pewpew.orbit_shooter.Game$BulletType[] $VALUES -> d
    com.pewpew.orbit_shooter.Game$BulletType[] values() -> values
    com.pewpew.orbit_shooter.Game$BulletType valueOf(java.lang.String) -> valueOf
com.pewpew.orbit_shooter.GeneralObject -> com.pewpew.orbit_shooter.e:
    com.pewpew.orbit_shooter.Game game -> a
    com.pewpew.orbit_shooter.GeneralObject$ObjectType type -> b
    boolean used -> c
    float mAngle -> d
    float posx -> e
    float posy -> f
    float mass -> g
    float posNextx -> h
    float posNexty -> i
    float velx -> j
    float vely -> k
    float velNextx -> l
    float velNexty -> m
    float sizex -> n
    float sizey -> o
    float atlasx -> p
    float atlasy -> q
    float atlasLenx -> r
    float atlasLeny -> s
    float alpha -> t
    int[] mTextures -> u
    java.nio.FloatBuffer mTextureBuffer -> v
    float[] mTextureCoordinates -> w
    boolean mDestroy -> x
    java.nio.FloatBuffer mVertBuffer -> y
    float[] mVertices -> z
    float[] animatex -> A
    float[] animatey -> B
    int mAnimateIndex -> C
    long mAnimateDelayPerFrame -> D
    long mAnimateNextFrameTime -> E
    boolean mAnimateEnable -> F
    boolean mAnimateEndReached -> G
    boolean mHasShadow -> H
    float SHADOW_SHIFT -> I
    boolean mIsOrbiting -> J
    long bulletSparkNextTime -> K
    long bulletSparkNextTimeDelta -> L
    java.util.Random rand -> M
    boolean mMobile -> N
    void initializePoolObject(com.pewpew.orbit_shooter.Game,boolean,float,float,float,float,com.pewpew.orbit_shooter.GeneralObject$ObjectType,float,float,float,boolean,boolean,java.lang.String) -> a
    void finalizePoolObject() -> a
com.pewpew.orbit_shooter.GeneralObject$1 -> com.pewpew.orbit_shooter.f:
    int[] $SwitchMap$com$pewpew$orbit_shooter$GeneralObject$ObjectType -> a
...
com.google.android.gms.internal.dx -> com.google.android.gms.internal.fu:
    java.lang.Object mw -> a
    boolean sl -> b
    android.content.Context mContext -> c
    com.google.android.gms.internal.el sm -> d
    com.google.android.gms.internal.dw sn -> e
    com.google.android.gms.internal.ec so -> f
    java.util.List sp -> g
    com.google.android.gms.internal.ee sq -> h
    void co() -> a
    void onStop() -> b
    void onServiceDisconnected(android.content.ComponentName) -> onServiceDisconnected
    void onServiceConnected(android.content.ComponentName,android.os.IBinder) -> onServiceConnected
    void cp() -> c
    void a(com.google.android.gms.internal.ea,java.lang.String,java.lang.String) -> a
    void b(long) -> a
    boolean c(long) -> b
    com.google.android.gms.internal.ee a(com.google.android.gms.internal.dx) -> a
    android.content.Context b(com.google.android.gms.internal.dx) -> b
    com.google.android.gms.internal.el c(com.google.android.gms.internal.dx) -> c
com.google.android.gms.internal.dx$1 -> com.google.android.gms.internal.fv:
    com.google.android.gms.internal.ea sr -> a
    android.content.Intent ss -> b
    com.google.android.gms.internal.dx st -> c
    void run() -> run
com.google.android.gms.internal.dy -> com.google.android.gms.internal.fw:
    java.lang.String mv -> a
    android.content.Context mContext -> b
    java.lang.String su -> c
    java.util.ArrayList sv -> d
    java.lang.String getProductId() -> a
    int o(int) -> a
    java.lang.String a(java.lang.String,java.util.HashMap) -> a
    void recordResolution(int) -> b
    void recordPlayBillingResolution(int) -> c
    void cq() -> b
com.google.android.gms.internal.dz -> com.google.android.gms.internal.fx:
    android.app.Activity nr -> a
    com.google.android.gms.internal.ec so -> b
    android.content.Context sw -> c
    com.google.android.gms.internal.el sm -> d
    com.google.android.gms.internal.eg sx -> e
    com.google.android.gms.internal.dw sn -> f
    com.google.android.gms.internal.ea sy -> g
    com.google.android.gms.internal.ee sq -> h
    java.lang.String sz -> i
    void a(android.content.Context,boolean,com.google.android.gms.internal.dv) -> a
    void onCreate() -> a
    void onDestroy() -> b
    void onActivityResult(int,int,android.content.Intent) -> a
    void onServiceDisconnected(android.content.ComponentName) -> onServiceDisconnected
    void onServiceConnected(android.content.ComponentName,android.os.IBinder) -> onServiceConnected
    void a(java.lang.String,boolean,int,android.content.Intent) -> a
com.google.android.gms.internal.e -> com.google.android.gms.internal.fy:
    java.lang.String a(byte[],boolean) -> a
    byte[] a(java.lang.String,boolean) -> a
com.google.android.gms.internal.ea -> com.google.android.gms.internal.fz:
    long sA -> a
    java.lang.String sB -> b
    java.lang.String sC -> c
com.google.android.gms.internal.eb -> com.google.android.gms.internal.ga:
    boolean sD -> a
    android.content.Context mContext -> b
    int sE -> c
    android.content.Intent sF -> d
    com.google.android.gms.internal.dw sn -> e
    com.google.android.gms.internal.ea sy -> f
    java.lang.String su -> g
    boolean isVerified() -> a
    java.lang.String getProductId() -> b
    android.content.Intent getPurchaseData() -> c
    int getResultCode() -> d
    void finishPurchase() -> e
    void onServiceDisconnected(android.content.ComponentName) -> onServiceDisconnected
    void onServiceConnected(android.content.ComponentName,android.os.IBinder) -> onServiceConnected