app/usage.txt
com.pewpew.orbit_shooter.BuildConfig
com.pewpew.orbit_shooter.Game:
    private static long display_next_level_time
    public static final int BACKGROUND_OBJ_COUNT
    619:623:public void updateDebug(java.lang.String)
com.pewpew.orbit_shooter.GeneralObject:
    555:557:public void setAtlas(float,float)
    560:562:public void setAtlasLen(float,float)
com.pewpew.orbit_shooter.MainActivity:
    public static final int HANDLER_SHOW_AD
    public static final int HANDLER_HIDE_AD
    170:170:public com.pewpew.orbit_shooter.Game getGame()
com.pewpew.orbit_shooter.MyGLRenderer:
    private static float PPM
com.pewpew.orbit_shooter.Physics:
    157:157:private float calcDistNext(com.pewpew.orbit_shooter.GeneralObject,com.pewpew.orbit_shooter.GeneralObject)
    164:164:private float calcMag(float,float)
    186:186:public boolean isSimGravity()
com.pewpew.orbit_shooter.R
com.pewpew.orbit_shooter.R$anim
com.pewpew.orbit_shooter.R$attr
com.pewpew.orbit_shooter.R$bool
com.pewpew.orbit_shooter.R$color
com.pewpew.orbit_shooter.R$dimen
com.pewpew.orbit_shooter.R$drawable
com.pewpew.orbit_shooter.R$id
com.pewpew.orbit_shooter.R$integer
com.pewpew.orbit_shooter.R$layout
com.pewpew.orbit_shooter.R$raw
com.pewpew.orbit_shooter.R$string
com.pewpew.orbit_shooter.R$style
com.pewpew.orbit_shooter.R$styleable
...
com.google.android.gms.games.internal.GamesClientImpl$RealTimeMessageSentCallback
com.google.android.gms.games.internal.GamesClientImpl$RealTimeReliableMessageBinderCallbacks
com.google.android.gms.games.internal.GamesClientImpl$RequestReceivedBinderCallback
com.google.android.gms.games.internal.GamesClientImpl$RequestReceivedCallback
com.google.android.gms.games.internal.GamesClientImpl$RequestRemovedCallback
com.google.android.gms.games.internal.GamesClientImpl$RequestSentBinderCallbacks
com.google.android.gms.games.internal.GamesClientImpl$RequestSummariesLoadedBinderCallbacks
com.google.android.gms.games.internal.GamesClientImpl$RequestsLoadedBinderCallbacks
com.google.android.gms.games.internal.GamesClientImpl$RequestsUpdatedBinderCallbacks
com.google.android.gms.games.internal.GamesClientImpl$RoomAutoMatchingCallback
com.google.android.gms.games.internal.GamesClientImpl$RoomBinderCallbacks
com.google.android.gms.games.internal.GamesClientImpl$RoomConnectedCallback
com.google.android.gms.games.internal.GamesClientImpl$RoomConnectingCallback
com.google.android.gms.games.internal.GamesClientImpl$RoomCreatedCallback
com.google.android.gms.games.internal.GamesClientImpl$SendRequestResultImpl
com.google.android.gms.games.internal.GamesClientImpl$SignOutCompleteBinderCallbacks
com.google.android.gms.games.internal.GamesClientImpl$SnapshotCommittedBinderCallbacks
com.google.android.gms.games.internal.GamesClientImpl$SnapshotDeletedBinderCallbacks
com.google.android.gms.games.internal.GamesClientImpl$SnapshotOpenedBinderCallbacks
com.google.android.gms.games.internal.GamesClientImpl$SnapshotsLoadedBinderCallbacks
com.google.android.gms.games.internal.GamesClientImpl$SubmitScoreBinderCallbacks
com.google.android.gms.games.internal.GamesClientImpl$SubmitScoreResultImpl
com.google.android.gms.games.internal.GamesClientImpl$TurnBasedMatchCanceledBinderCallbacks
com.google.android.gms.games.internal.GamesClientImpl$TurnBasedMatchInitiatedBinderCallbacks
com.google.android.gms.games.internal.GamesClientImpl$TurnBasedMatchLeftBinderCallbacks
com.google.android.gms.games.internal.GamesClientImpl$TurnBasedMatchLoadedBinderCallbacks
com.google.android.gms.games.internal.GamesClientImpl$TurnBasedMatchResult
com.google.android.gms.games.internal.GamesClientImpl$TurnBasedMatchUpdatedBinderCallbacks
com.google.android.gms.games.internal.GamesClientImpl$TurnBasedMatchesLoadedBinderCallbacks
com.google.android.gms.games.internal.GamesClientImpl$UpdateAchievementResultImpl
com.google.android.gms.games.internal.GamesClientImpl$UpdateMatchResultImpl
com.google.android.gms.games.internal.GamesClientImpl$UpdateRequestsResultImpl
com.google.android.gms.games.internal.GamesConstants
com.google.android.gms.games.internal.GamesContract
com.google.android.gms.games.internal.GamesContract$AccountMetadataColumns
com.google.android.gms.games.internal.GamesContract$AchievementDefinitionsColumns
com.google.android.gms.games.internal.GamesContract$AchievementInstancesColumns
com.google.android.gms.games.internal.GamesContract$AchievementPendingOpsColumns
com.google.android.gms.games.internal.GamesContract$AclsColumns
com.google.android.gms.games.internal.GamesContract$ApplicationSessionColumns
com.google.android.gms.games.internal.GamesContract$ClientContextsColumns
com.google.android.gms.games.internal.GamesContract$ContactSettingsColumns
com.google.android.gms.games.internal.GamesContract$EventDefinitionColumns
com.google.android.gms.games.internal.GamesContract$EventInstancesColumns
com.google.android.gms.games.internal.GamesContract$EventPendingOpsColumns
com.google.android.gms.games.internal.GamesContract$ExperienceEventColumns
com.google.android.gms.games.internal.GamesContract$GameBadgesColumns
com.google.android.gms.games.internal.GamesContract$GameInstancesColumns
com.google.android.gms.games.internal.GamesContract$GameSearchSuggestionsColumns